<?xml version="1.0" encoding="UTF-8"?>
<!-- Generated by org.testng.reporters.JUnitXMLReporter -->
<testsuite ignored="11" hostname="Kapil" failures="1" tests="1" name="Default test" time="26.229" errors="0" timestamp="2024-06-18T19:00:02 EDT">
  <testcase classname="Ecommerce_Framework.Login_page" name="print_employee_list" time="16.245">
    <failure type="org.openqa.selenium.ElementClickInterceptedException" message="element click intercepted: Element &amp;lt;div data-v-6179b72a=&amp;quot;&amp;quot; class=&amp;quot;oxd-checkbox-wrapper&amp;quot;&amp;gt;...&amp;lt;/div&amp;gt; is not clickable at point (345, 9). Other element would receive the click: &amp;lt;div data-v-f0c5131f=&amp;quot;&amp;quot; class=&amp;quot;oxd-topbar-header-title&amp;quot;&amp;gt;...&amp;lt;/div&amp;gt;
  (Session info: chrome=126.0.6478.61)
Build info: version: &amp;apos;4.20.0&amp;apos;, revision: &amp;apos;866c76ca80&amp;apos;
System info: os.name: &amp;apos;Windows 11&amp;apos;, os.arch: &amp;apos;amd64&amp;apos;, os.version: &amp;apos;10.0&amp;apos;, java.version: &amp;apos;21.0.2&amp;apos;
Driver info: org.openqa.selenium.chrome.ChromeDriver
Command: [770f92e8ecb0293e31224d63e370e8ba, clickElement {id=f.4085D6D6C10F60876B5A4B540C0409F2.d.BEB74A6F6B85962246FDCE7F6E2ACAA7.e.287}]
Capabilities {acceptInsecureCerts: false, browserName: chrome, browserVersion: 126.0.6478.61, chrome: {chromedriverVersion: 126.0.6478.62 (b2781ca4c383..., userDataDir: C:\Users\kumar\AppData\Loca...}, fedcm:accounts: true, goog:chromeOptions: {debuggerAddress: localhost:56265}, networkConnectionEnabled: false, pageLoadStrategy: normal, platformName: windows, proxy: Proxy(), se:cdp: ws://localhost:56265/devtoo..., se:cdpVersion: 126.0.6478.61, setWindowRect: true, strictFileInteractability: false, timeouts: {implicit: 0, pageLoad: 300000, script: 30000}, unhandledPromptBehavior: dismiss and notify, webauthn:extension:credBlob: true, webauthn:extension:largeBlob: true, webauthn:extension:minPinLength: true, webauthn:extension:prf: true, webauthn:virtualAuthenticators: true}
Element: [[ChromeDriver: chrome on windows (770f92e8ecb0293e31224d63e370e8ba)] -&amp;gt; xpath: (//div[@class=&amp;apos;oxd-table-body&amp;apos;]//div[@class=&amp;apos;oxd-table-card&amp;apos;])[37]//div[@class=&amp;apos;oxd-checkbox-wrapper&amp;apos;]]
Session ID: 770f92e8ecb0293e31224d63e370e8ba">
      <![CDATA[org.openqa.selenium.ElementClickInterceptedException: element click intercepted: Element <div data-v-6179b72a="" class="oxd-checkbox-wrapper">...</div> is not clickable at point (345, 9). Other element would receive the click: <div data-v-f0c5131f="" class="oxd-topbar-header-title">...</div>
  (Session info: chrome=126.0.6478.61)
Build info: version: '4.20.0', revision: '866c76ca80'
System info: os.name: 'Windows 11', os.arch: 'amd64', os.version: '10.0', java.version: '21.0.2'
Driver info: org.openqa.selenium.chrome.ChromeDriver
Command: [770f92e8ecb0293e31224d63e370e8ba, clickElement {id=f.4085D6D6C10F60876B5A4B540C0409F2.d.BEB74A6F6B85962246FDCE7F6E2ACAA7.e.287}]
Capabilities {acceptInsecureCerts: false, browserName: chrome, browserVersion: 126.0.6478.61, chrome: {chromedriverVersion: 126.0.6478.62 (b2781ca4c383..., userDataDir: C:\Users\kumar\AppData\Loca...}, fedcm:accounts: true, goog:chromeOptions: {debuggerAddress: localhost:56265}, networkConnectionEnabled: false, pageLoadStrategy: normal, platformName: windows, proxy: Proxy(), se:cdp: ws://localhost:56265/devtoo..., se:cdpVersion: 126.0.6478.61, setWindowRect: true, strictFileInteractability: false, timeouts: {implicit: 0, pageLoad: 300000, script: 30000}, unhandledPromptBehavior: dismiss and notify, webauthn:extension:credBlob: true, webauthn:extension:largeBlob: true, webauthn:extension:minPinLength: true, webauthn:extension:prf: true, webauthn:virtualAuthenticators: true}
Element: [[ChromeDriver: chrome on windows (770f92e8ecb0293e31224d63e370e8ba)] -> xpath: (//div[@class='oxd-table-body']//div[@class='oxd-table-card'])[37]//div[@class='oxd-checkbox-wrapper']]
Session ID: 770f92e8ecb0293e31224d63e370e8ba
at java.base/jdk.internal.reflect.DirectConstructorHandleAccessor.newInstance(DirectConstructorHandleAccessor.java:62)
at java.base/java.lang.reflect.Constructor.newInstanceWithCaller(Constructor.java:502)
at java.base/java.lang.reflect.Constructor.newInstance(Constructor.java:486)
at org.openqa.selenium.remote.ErrorCodec.decode(ErrorCodec.java:167)
at org.openqa.selenium.remote.codec.w3c.W3CHttpResponseCodec.decode(W3CHttpResponseCodec.java:138)
at org.openqa.selenium.remote.codec.w3c.W3CHttpResponseCodec.decode(W3CHttpResponseCodec.java:50)
at org.openqa.selenium.remote.HttpCommandExecutor.execute(HttpCommandExecutor.java:190)
at org.openqa.selenium.remote.service.DriverCommandExecutor.invokeExecute(DriverCommandExecutor.java:216)
at org.openqa.selenium.remote.service.DriverCommandExecutor.execute(DriverCommandExecutor.java:174)
at org.openqa.selenium.remote.RemoteWebDriver.execute(RemoteWebDriver.java:518)
at org.openqa.selenium.remote.RemoteWebElement.execute(RemoteWebElement.java:223)
at org.openqa.selenium.remote.RemoteWebElement.click(RemoteWebElement.java:76)
at Ecommerce_Framework.Login_page.print_employee_list(Login_page.java:341)
at java.base/jdk.internal.reflect.DirectMethodHandleAccessor.invoke(DirectMethodHandleAccessor.java:103)
at java.base/java.lang.reflect.Method.invoke(Method.java:580)
at org.testng.internal.MethodInvocationHelper.invokeMethod(MethodInvocationHelper.java:133)
at org.testng.internal.TestInvoker.invokeMethod(TestInvoker.java:598)
at org.testng.internal.TestInvoker.invokeTestMethod(TestInvoker.java:173)
at org.testng.internal.MethodRunner.runInSequence(MethodRunner.java:46)
at org.testng.internal.TestInvoker$MethodInvocationAgent.invoke(TestInvoker.java:824)
at org.testng.internal.TestInvoker.invokeTestMethods(TestInvoker.java:146)
at org.testng.internal.TestMethodWorker.invokeTestMethods(TestMethodWorker.java:146)
at org.testng.internal.TestMethodWorker.run(TestMethodWorker.java:128)
at java.base/java.util.ArrayList.forEach(ArrayList.java:1596)
at org.testng.TestRunner.privateRun(TestRunner.java:794)
at org.testng.TestRunner.run(TestRunner.java:596)
at org.testng.SuiteRunner.runTest(SuiteRunner.java:377)
at org.testng.SuiteRunner.runSequentially(SuiteRunner.java:371)
at org.testng.SuiteRunner.privateRun(SuiteRunner.java:332)
at org.testng.SuiteRunner.run(SuiteRunner.java:276)
at org.testng.SuiteRunnerWorker.runSuite(SuiteRunnerWorker.java:53)
at org.testng.SuiteRunnerWorker.run(SuiteRunnerWorker.java:96)
at org.testng.TestNG.runSuitesSequentially(TestNG.java:1212)
at org.testng.TestNG.runSuitesLocally(TestNG.java:1134)
at org.testng.TestNG.runSuites(TestNG.java:1063)
at org.testng.TestNG.run(TestNG.java:1031)
at org.testng.remote.AbstractRemoteTestNG.run(AbstractRemoteTestNG.java:115)
at org.testng.remote.RemoteTestNG.initAndRun(RemoteTestNG.java:251)
at org.testng.remote.RemoteTestNG.main(RemoteTestNG.java:77)
]]>
    </failure>
  </testcase> <!-- print_employee_list -->
  <testcase classname="Ecommerce_Framework.Login_page" name="delete_record" time="0.0">
    <ignored/>
  </testcase> <!-- delete_record -->
  <testcase classname="Ecommerce_Framework.Login_page" name="add_employee" time="0.0">
    <ignored/>
  </testcase> <!-- add_employee -->
  <testcase classname="Ecommerce_Framework.Login_page" name="test_logout" time="0.0">
    <ignored/>
  </testcase> <!-- test_logout -->
  <testcase classname="Ecommerce_Framework.Login_page" name="login_invalid_credentials" time="0.0">
    <ignored/>
  </testcase> <!-- login_invalid_credentials -->
  <testcase classname="Ecommerce_Framework.Login_page" name="login_valid_credentials" time="0.0">
    <ignored/>
  </testcase> <!-- login_valid_credentials -->
  <testcase classname="Ecommerce_Framework.Login_page" name="File_upload" time="0.0">
    <ignored/>
  </testcase> <!-- File_upload -->
  <testcase classname="Ecommerce_Framework.Login_page" name="handle_table" time="0.0">
    <ignored/>
  </testcase> <!-- handle_table -->
  <testcase classname="Ecommerce_Framework.Login_page" name="find_employee" time="0.0">
    <ignored/>
  </testcase> <!-- find_employee -->
  <testcase classname="Ecommerce_Framework.Login_page" name="search_employee" time="0.0">
    <ignored/>
  </testcase> <!-- search_employee -->
  <testcase classname="Ecommerce_Framework.Login_page" name="ttetedg" time="0.0">
    <ignored/>
  </testcase> <!-- ttetedg -->
  <testcase classname="Ecommerce_Framework.Login_page" name="apply_for_leave" time="0.0">
    <ignored/>
  </testcase> <!-- apply_for_leave -->
</testsuite> <!-- Default test -->
